<?xml version="1.0" encoding="UTF-8"?>
<testsuite xmlns:xsi="http://www.w3.org/2001/XMLSchema-instance" xsi:noNamespaceSchemaLocation="https://maven.apache.org/surefire/maven-surefire-plugin/xsd/surefire-test-report.xsd" name="com.atguigu.crowd.test.StringTest" time="0.056" tests="1" errors="0" skipped="0" failures="0">
  <properties>
    <property name="gopherProxySet" value="false"/>
    <property name="awt.toolkit" value="sun.lwawt.macosx.LWCToolkit"/>
    <property name="file.encoding.pkg" value="sun.io"/>
    <property name="java.specification.version" value="1.8"/>
    <property name="sun.cpu.isalist" value=""/>
    <property name="sun.jnu.encoding" value="UTF-8"/>
    <property name="java.class.path" value="/Users/zhanghan/IdeaProjects/atcrowdfunding01-admin-parent/atcrowdfunding02-admin-webui/target/test-classes:/Users/zhanghan/IdeaProjects/atcrowdfunding01-admin-parent/atcrowdfunding02-admin-webui/target/classes:/Users/zhanghan/.m2/repository/com/atguigu/crowd/atcrowdfunding03-admin-component/1.0-SNAPSHOT/atcrowdfunding03-admin-component-1.0-SNAPSHOT.jar:/Users/zhanghan/.m2/repository/com/atguigu/crowd/atcrowdfunding05-common-util/1.0-SNAPSHOT/atcrowdfunding05-common-util-1.0-SNAPSHOT.jar:/Users/zhanghan/.m2/repository/com/atguigu/crowd/atcrowdfunding04-admin-entity/1.0-SNAPSHOT/atcrowdfunding04-admin-entity-1.0-SNAPSHOT.jar:/Users/zhanghan/.m2/repository/org/mybatis/mybatis/3.2.8/mybatis-3.2.8.jar:/Users/zhanghan/.m2/repository/org/springframework/spring-orm/4.3.20.RELEASE/spring-orm-4.3.20.RELEASE.jar:/Users/zhanghan/.m2/repository/org/springframework/spring-jdbc/4.3.20.RELEASE/spring-jdbc-4.3.20.RELEASE.jar:/Users/zhanghan/.m2/repository/org/springframework/spring-tx/4.3.20.RELEASE/spring-tx-4.3.20.RELEASE.jar:/Users/zhanghan/.m2/repository/org/aspectj/aspectjweaver/1.9.2/aspectjweaver-1.9.2.jar:/Users/zhanghan/.m2/repository/cglib/cglib/2.2/cglib-2.2.jar:/Users/zhanghan/.m2/repository/asm/asm/3.1/asm-3.1.jar:/Users/zhanghan/.m2/repository/mysql/mysql-connector-java/5.1.3/mysql-connector-java-5.1.3.jar:/Users/zhanghan/.m2/repository/org/mybatis/mybatis-spring/1.2.2/mybatis-spring-1.2.2.jar:/Users/zhanghan/.m2/repository/com/github/pagehelper/pagehelper/4.0.0/pagehelper-4.0.0.jar:/Users/zhanghan/.m2/repository/com/github/jsqlparser/jsqlparser/0.9.1/jsqlparser-0.9.1.jar:/Users/zhanghan/.m2/repository/org/slf4j/slf4j-api/1.7.7/slf4j-api-1.7.7.jar:/Users/zhanghan/.m2/repository/ch/qos/logback/logback-classic/1.2.3/logback-classic-1.2.3.jar:/Users/zhanghan/.m2/repository/ch/qos/logback/logback-core/1.2.3/logback-core-1.2.3.jar:/Users/zhanghan/.m2/repository/org/slf4j/jcl-over-slf4j/1.7.25/jcl-over-slf4j-1.7.25.jar:/Users/zhanghan/.m2/repository/com/fasterxml/jackson/core/jackson-annotations/2.9.8/jackson-annotations-2.9.8.jar:/Users/zhanghan/.m2/repository/jstl/jstl/1.2/jstl-1.2.jar:/Users/zhanghan/.m2/repository/com/google/code/gson/gson/2.8.5/gson-2.8.5.jar:/Users/zhanghan/.m2/repository/org/springframework/security/spring-security-web/4.2.10.RELEASE/spring-security-web-4.2.10.RELEASE.jar:/Users/zhanghan/.m2/repository/aopalliance/aopalliance/1.0/aopalliance-1.0.jar:/Users/zhanghan/.m2/repository/org/springframework/security/spring-security-core/4.2.10.RELEASE/spring-security-core-4.2.10.RELEASE.jar:/Users/zhanghan/.m2/repository/org/springframework/security/spring-security-config/4.2.10.RELEASE/spring-security-config-4.2.10.RELEASE.jar:/Users/zhanghan/.m2/repository/org/springframework/security/spring-security-taglibs/4.2.10.RELEASE/spring-security-taglibs-4.2.10.RELEASE.jar:/Users/zhanghan/.m2/repository/org/springframework/security/spring-security-acl/4.2.10.RELEASE/spring-security-acl-4.2.10.RELEASE.jar:/Users/zhanghan/.m2/repository/junit/junit/4.12/junit-4.12.jar:/Users/zhanghan/.m2/repository/org/hamcrest/hamcrest-core/1.3/hamcrest-core-1.3.jar:/Users/zhanghan/.m2/repository/com/alibaba/druid/1.0.31/druid-1.0.31.jar:/Library/Java/JavaVirtualMachines/jdk1.8.0_171.jdk/Contents/Home/jre/../lib/jconsole.jar:/Library/Java/JavaVirtualMachines/jdk1.8.0_171.jdk/Contents/Home/jre/../lib/tools.jar:/Users/zhanghan/.m2/repository/org/springframework/spring-test/4.3.20.RELEASE/spring-test-4.3.20.RELEASE.jar:/Users/zhanghan/.m2/repository/org/springframework/spring-core/4.3.20.RELEASE/spring-core-4.3.20.RELEASE.jar:/Users/zhanghan/.m2/repository/javax/servlet/servlet-api/2.5/servlet-api-2.5.jar:/Users/zhanghan/.m2/repository/javax/servlet/jsp/jsp-api/2.1.3-b06/jsp-api-2.1.3-b06.jar:/Users/zhanghan/.m2/repository/org/glassfish/javax.servlet/3.0-b70/javax.servlet-3.0-b70.jar:/Users/zhanghan/.m2/repository/javax/el/el-api/2.1.2-b05/el-api-2.1.2-b05.jar:/Users/zhanghan/.m2/repository/org/webjars/bower/jquery/3.2.1/jquery-3.2.1.jar:/Users/zhanghan/.m2/repository/com/fasterxml/jackson/core/jackson-core/2.9.8/jackson-core-2.9.8.jar:/Users/zhanghan/.m2/repository/com/fasterxml/jackson/core/jackson-databind/2.9.8/jackson-databind-2.9.8.jar:/Users/zhanghan/.m2/repository/org/springframework/spring-webmvc/4.3.20.RELEASE/spring-webmvc-4.3.20.RELEASE.jar:/Users/zhanghan/.m2/repository/org/springframework/spring-aop/4.3.20.RELEASE/spring-aop-4.3.20.RELEASE.jar:/Users/zhanghan/.m2/repository/org/springframework/spring-beans/4.3.20.RELEASE/spring-beans-4.3.20.RELEASE.jar:/Users/zhanghan/.m2/repository/org/springframework/spring-context/4.3.20.RELEASE/spring-context-4.3.20.RELEASE.jar:/Users/zhanghan/.m2/repository/org/springframework/spring-expression/4.3.20.RELEASE/spring-expression-4.3.20.RELEASE.jar:/Users/zhanghan/.m2/repository/org/springframework/spring-web/4.3.20.RELEASE/spring-web-4.3.20.RELEASE.jar:"/>
    <property name="java.vm.vendor" value="Oracle Corporation"/>
    <property name="sun.arch.data.model" value="64"/>
    <property name="java.vendor.url" value="http://java.oracle.com/"/>
    <property name="user.timezone" value=""/>
    <property name="java.vm.specification.version" value="1.8"/>
    <property name="os.name" value="Mac OS X"/>
    <property name="user.country" value="CN"/>
    <property name="sun.java.launcher" value="SUN_STANDARD"/>
    <property name="sun.boot.library.path" value="/Library/Java/JavaVirtualMachines/jdk1.8.0_171.jdk/Contents/Home/jre/lib"/>
    <property name="sun.java.command" value="/Users/zhanghan/IdeaProjects/atcrowdfunding01-admin-parent/atcrowdfunding02-admin-webui/target/surefire/surefirebooter1120790818032535948.jar /Users/zhanghan/IdeaProjects/atcrowdfunding01-admin-parent/atcrowdfunding02-admin-webui/target/surefire 2021-01-31T15-13-21_853-jvmRun1 surefire4982999183171918149tmp surefire_01516573351958743950tmp"/>
    <property name="http.nonProxyHosts" value="local|*.local|169.254/16|*.169.254/16"/>
    <property name="surefire.test.class.path" value="/Users/zhanghan/IdeaProjects/atcrowdfunding01-admin-parent/atcrowdfunding02-admin-webui/target/test-classes:/Users/zhanghan/IdeaProjects/atcrowdfunding01-admin-parent/atcrowdfunding02-admin-webui/target/classes:/Users/zhanghan/.m2/repository/com/atguigu/crowd/atcrowdfunding03-admin-component/1.0-SNAPSHOT/atcrowdfunding03-admin-component-1.0-SNAPSHOT.jar:/Users/zhanghan/.m2/repository/com/atguigu/crowd/atcrowdfunding05-common-util/1.0-SNAPSHOT/atcrowdfunding05-common-util-1.0-SNAPSHOT.jar:/Users/zhanghan/.m2/repository/com/atguigu/crowd/atcrowdfunding04-admin-entity/1.0-SNAPSHOT/atcrowdfunding04-admin-entity-1.0-SNAPSHOT.jar:/Users/zhanghan/.m2/repository/org/mybatis/mybatis/3.2.8/mybatis-3.2.8.jar:/Users/zhanghan/.m2/repository/org/springframework/spring-orm/4.3.20.RELEASE/spring-orm-4.3.20.RELEASE.jar:/Users/zhanghan/.m2/repository/org/springframework/spring-jdbc/4.3.20.RELEASE/spring-jdbc-4.3.20.RELEASE.jar:/Users/zhanghan/.m2/repository/org/springframework/spring-tx/4.3.20.RELEASE/spring-tx-4.3.20.RELEASE.jar:/Users/zhanghan/.m2/repository/org/aspectj/aspectjweaver/1.9.2/aspectjweaver-1.9.2.jar:/Users/zhanghan/.m2/repository/cglib/cglib/2.2/cglib-2.2.jar:/Users/zhanghan/.m2/repository/asm/asm/3.1/asm-3.1.jar:/Users/zhanghan/.m2/repository/mysql/mysql-connector-java/5.1.3/mysql-connector-java-5.1.3.jar:/Users/zhanghan/.m2/repository/org/mybatis/mybatis-spring/1.2.2/mybatis-spring-1.2.2.jar:/Users/zhanghan/.m2/repository/com/github/pagehelper/pagehelper/4.0.0/pagehelper-4.0.0.jar:/Users/zhanghan/.m2/repository/com/github/jsqlparser/jsqlparser/0.9.1/jsqlparser-0.9.1.jar:/Users/zhanghan/.m2/repository/org/slf4j/slf4j-api/1.7.7/slf4j-api-1.7.7.jar:/Users/zhanghan/.m2/repository/ch/qos/logback/logback-classic/1.2.3/logback-classic-1.2.3.jar:/Users/zhanghan/.m2/repository/ch/qos/logback/logback-core/1.2.3/logback-core-1.2.3.jar:/Users/zhanghan/.m2/repository/org/slf4j/jcl-over-slf4j/1.7.25/jcl-over-slf4j-1.7.25.jar:/Users/zhanghan/.m2/repository/com/fasterxml/jackson/core/jackson-annotations/2.9.8/jackson-annotations-2.9.8.jar:/Users/zhanghan/.m2/repository/jstl/jstl/1.2/jstl-1.2.jar:/Users/zhanghan/.m2/repository/com/google/code/gson/gson/2.8.5/gson-2.8.5.jar:/Users/zhanghan/.m2/repository/org/springframework/security/spring-security-web/4.2.10.RELEASE/spring-security-web-4.2.10.RELEASE.jar:/Users/zhanghan/.m2/repository/aopalliance/aopalliance/1.0/aopalliance-1.0.jar:/Users/zhanghan/.m2/repository/org/springframework/security/spring-security-core/4.2.10.RELEASE/spring-security-core-4.2.10.RELEASE.jar:/Users/zhanghan/.m2/repository/org/springframework/security/spring-security-config/4.2.10.RELEASE/spring-security-config-4.2.10.RELEASE.jar:/Users/zhanghan/.m2/repository/org/springframework/security/spring-security-taglibs/4.2.10.RELEASE/spring-security-taglibs-4.2.10.RELEASE.jar:/Users/zhanghan/.m2/repository/org/springframework/security/spring-security-acl/4.2.10.RELEASE/spring-security-acl-4.2.10.RELEASE.jar:/Users/zhanghan/.m2/repository/junit/junit/4.12/junit-4.12.jar:/Users/zhanghan/.m2/repository/org/hamcrest/hamcrest-core/1.3/hamcrest-core-1.3.jar:/Users/zhanghan/.m2/repository/com/alibaba/druid/1.0.31/druid-1.0.31.jar:/Library/Java/JavaVirtualMachines/jdk1.8.0_171.jdk/Contents/Home/jre/../lib/jconsole.jar:/Library/Java/JavaVirtualMachines/jdk1.8.0_171.jdk/Contents/Home/jre/../lib/tools.jar:/Users/zhanghan/.m2/repository/org/springframework/spring-test/4.3.20.RELEASE/spring-test-4.3.20.RELEASE.jar:/Users/zhanghan/.m2/repository/org/springframework/spring-core/4.3.20.RELEASE/spring-core-4.3.20.RELEASE.jar:/Users/zhanghan/.m2/repository/javax/servlet/servlet-api/2.5/servlet-api-2.5.jar:/Users/zhanghan/.m2/repository/javax/servlet/jsp/jsp-api/2.1.3-b06/jsp-api-2.1.3-b06.jar:/Users/zhanghan/.m2/repository/org/glassfish/javax.servlet/3.0-b70/javax.servlet-3.0-b70.jar:/Users/zhanghan/.m2/repository/javax/el/el-api/2.1.2-b05/el-api-2.1.2-b05.jar:/Users/zhanghan/.m2/repository/org/webjars/bower/jquery/3.2.1/jquery-3.2.1.jar:/Users/zhanghan/.m2/repository/com/fasterxml/jackson/core/jackson-core/2.9.8/jackson-core-2.9.8.jar:/Users/zhanghan/.m2/repository/com/fasterxml/jackson/core/jackson-databind/2.9.8/jackson-databind-2.9.8.jar:/Users/zhanghan/.m2/repository/org/springframework/spring-webmvc/4.3.20.RELEASE/spring-webmvc-4.3.20.RELEASE.jar:/Users/zhanghan/.m2/repository/org/springframework/spring-aop/4.3.20.RELEASE/spring-aop-4.3.20.RELEASE.jar:/Users/zhanghan/.m2/repository/org/springframework/spring-beans/4.3.20.RELEASE/spring-beans-4.3.20.RELEASE.jar:/Users/zhanghan/.m2/repository/org/springframework/spring-context/4.3.20.RELEASE/spring-context-4.3.20.RELEASE.jar:/Users/zhanghan/.m2/repository/org/springframework/spring-expression/4.3.20.RELEASE/spring-expression-4.3.20.RELEASE.jar:/Users/zhanghan/.m2/repository/org/springframework/spring-web/4.3.20.RELEASE/spring-web-4.3.20.RELEASE.jar:"/>
    <property name="sun.cpu.endian" value="little"/>
    <property name="user.home" value="/Users/zhanghan"/>
    <property name="user.language" value="zh"/>
    <property name="java.specification.vendor" value="Oracle Corporation"/>
    <property name="java.home" value="/Library/Java/JavaVirtualMachines/jdk1.8.0_171.jdk/Contents/Home/jre"/>
    <property name="basedir" value="/Users/zhanghan/IdeaProjects/atcrowdfunding01-admin-parent/atcrowdfunding02-admin-webui"/>
    <property name="file.separator" value="/"/>
    <property name="line.separator" value="&#10;"/>
    <property name="java.vm.specification.vendor" value="Oracle Corporation"/>
    <property name="java.specification.name" value="Java Platform API Specification"/>
    <property name="java.awt.graphicsenv" value="sun.awt.CGraphicsEnvironment"/>
    <property name="surefire.real.class.path" value="/Users/zhanghan/IdeaProjects/atcrowdfunding01-admin-parent/atcrowdfunding02-admin-webui/target/surefire/surefirebooter1120790818032535948.jar"/>
    <property name="sun.boot.class.path" value="/Library/Java/JavaVirtualMachines/jdk1.8.0_171.jdk/Contents/Home/jre/lib/resources.jar:/Library/Java/JavaVirtualMachines/jdk1.8.0_171.jdk/Contents/Home/jre/lib/rt.jar:/Library/Java/JavaVirtualMachines/jdk1.8.0_171.jdk/Contents/Home/jre/lib/sunrsasign.jar:/Library/Java/JavaVirtualMachines/jdk1.8.0_171.jdk/Contents/Home/jre/lib/jsse.jar:/Library/Java/JavaVirtualMachines/jdk1.8.0_171.jdk/Contents/Home/jre/lib/jce.jar:/Library/Java/JavaVirtualMachines/jdk1.8.0_171.jdk/Contents/Home/jre/lib/charsets.jar:/Library/Java/JavaVirtualMachines/jdk1.8.0_171.jdk/Contents/Home/jre/lib/jfr.jar:/Library/Java/JavaVirtualMachines/jdk1.8.0_171.jdk/Contents/Home/jre/classes"/>
    <property name="sun.management.compiler" value="HotSpot 64-Bit Tiered Compilers"/>
    <property name="ftp.nonProxyHosts" value="local|*.local|169.254/16|*.169.254/16"/>
    <property name="java.runtime.version" value="1.8.0_171-b11"/>
    <property name="user.name" value="zhanghan"/>
    <property name="path.separator" value=":"/>
    <property name="os.version" value="10.16"/>
    <property name="java.endorsed.dirs" value="/Library/Java/JavaVirtualMachines/jdk1.8.0_171.jdk/Contents/Home/jre/lib/endorsed"/>
    <property name="java.runtime.name" value="Java(TM) SE Runtime Environment"/>
    <property name="file.encoding" value="UTF-8"/>
    <property name="java.vm.name" value="Java HotSpot(TM) 64-Bit Server VM"/>
    <property name="localRepository" value="/Users/zhanghan/.m2/repository"/>
    <property name="java.vendor.url.bug" value="http://bugreport.sun.com/bugreport/"/>
    <property name="java.io.tmpdir" value="/var/folders/dl/fmmfgtvs4zs6ygk2gh11ctrr0000gn/T/"/>
    <property name="idea.version" value="2020.3.1"/>
    <property name="java.version" value="1.8.0_171"/>
    <property name="user.dir" value="/Users/zhanghan/IdeaProjects/atcrowdfunding01-admin-parent/atcrowdfunding02-admin-webui"/>
    <property name="os.arch" value="x86_64"/>
    <property name="java.vm.specification.name" value="Java Virtual Machine Specification"/>
    <property name="java.awt.printerjob" value="sun.lwawt.macosx.CPrinterJob"/>
    <property name="sun.os.patch.level" value="unknown"/>
    <property name="java.library.path" value="/Users/zhanghan/Library/Java/Extensions:/Library/Java/Extensions:/Network/Library/Java/Extensions:/System/Library/Java/Extensions:/usr/lib/java:."/>
    <property name="java.vm.info" value="mixed mode"/>
    <property name="java.vendor" value="Oracle Corporation"/>
    <property name="java.vm.version" value="25.171-b11"/>
    <property name="java.ext.dirs" value="/Users/zhanghan/Library/Java/Extensions:/Library/Java/JavaVirtualMachines/jdk1.8.0_171.jdk/Contents/Home/jre/lib/ext:/Library/Java/Extensions:/Network/Library/Java/Extensions:/System/Library/Java/Extensions:/usr/lib/java"/>
    <property name="sun.io.unicode.encoding" value="UnicodeBig"/>
    <property name="maven.repo.local" value="/Users/zhanghan/.m2/repository"/>
    <property name="java.class.version" value="52.0"/>
    <property name="socksNonProxyHosts" value="local|*.local|169.254/16|*.169.254/16"/>
  </properties>
  <testcase name="testMd5" classname="com.atguigu.crowd.test.StringTest" time="0.012"/>
</testsuite>